24.06.2013 22:20:16.607 - Site Manager initialized, retrieve entities from DB
24.06.2013 22:20:23.310 - Refreshing Json string cache...
24.06.2013 22:20:23.343 - Entities initialized
24.06.2013 22:20:23.343 - Returning cache data...
24.06.2013 22:20:26.614 - Returning cache data...
24.06.2013 22:20:28.601 - Returning cache data...
24.06.2013 22:20:30.102 - Returning cache data...
24.06.2013 22:20:32.025 - Returning cache data...
25.06.2013 22:29:37.246 - Site Manager initialized, retrieve entities from DB
25.06.2013 22:29:39.270 - Refreshing Json string cache...
25.06.2013 22:29:39.289 - Entities initialized
25.06.2013 22:29:39.290 - Returning cache data...
25.06.2013 22:29:42.519 - Returning cache data...
25.06.2013 22:30:14.631 - Returning cache data...
25.06.2013 22:31:19.538 - Returning cache data...
25.06.2013 22:32:52.111 - Returning cache data...
25.06.2013 22:34:19.513 - Returning cache data...
25.06.2013 22:45:55.154 - Returning cache data...
25.06.2013 22:46:16.047 - Returning cache data...
25.06.2013 22:47:02.726 - Returning comments for: 43
25.06.2013 22:48:21.574 - Returning cache data...
25.06.2013 22:49:29.614 - Returning cache data...
25.06.2013 22:49:36.781 - Returning comments for: 65
25.06.2013 22:50:25.988 - Returning comments for: 47
25.06.2013 22:52:24.609 - Returning cache data...
25.06.2013 22:52:29.238 - Returning comments for: 65
25.06.2013 22:54:48.606 - Site Manager initialized, retrieve entities from DB
25.06.2013 22:54:51.403 - Refreshing Json string cache...
25.06.2013 22:54:51.425 - Entities initialized
25.06.2013 22:54:51.425 - Returning cache data...
25.06.2013 22:54:55.214 - Returning comments for: 44
25.06.2013 22:56:23.466 - Returning comments for: 59
25.06.2013 22:56:28.897 - Returning comments for: 37
25.06.2013 23:49:44.037 - Site Manager initialized, retrieve entities from DB
25.06.2013 23:49:45.469 - Refreshing Json string cache...
25.06.2013 23:49:45.511 - Entities initialized
25.06.2013 23:49:45.511 - Returning cache data...
25.06.2013 23:49:49.278 - Returning cache data...
25.06.2013 23:50:00.138 - Returning cache data...
25.06.2013 23:50:13.401 - Returning cache data...
25.06.2013 23:50:18.657 - Returning cache data...
25.06.2013 23:50:20.604 - Returning cache data...
25.06.2013 23:53:12.646 - Returning cache data...
25.06.2013 23:53:51.421 - Returning comments for: 32
25.06.2013 23:58:45.758 - Returning cache data...
25.06.2013 23:58:55.831 - Returning comments for: 34
25.06.2013 23:59:22.809 - Returning cache data...
25.06.2013 23:59:28.315 - Returning comments for: 34
26.06.2013 00:04:45.589 - Returning cache data...
26.06.2013 00:04:48.960 - Returning comments for: 65
26.06.2013 00:32:38.809 - Returning cache data...
26.06.2013 00:43:01.784 - Returning cache data...
26.06.2013 01:03:40.747 - Returning cache data...
26.06.2013 01:05:36.370 - Returning cache data...
26.06.2013 01:05:39.452 - Returning comments for: 34
26.06.2013 02:06:24.477 - Site Manager initialized, retrieve entities from DB
26.06.2013 02:06:25.787 - Refreshing Json string cache...
26.06.2013 02:06:25.823 - Entities initialized
26.06.2013 02:06:25.823 - Returning cache data...
26.06.2013 02:06:29.506 - Returning cache data...
26.06.2013 02:25:33.870 - Returning cache data...
26.06.2013 03:56:53.400 - Site Manager initialized, retrieve entities from DB
26.06.2013 03:56:54.318 - Refreshing Json string cache...
26.06.2013 03:56:54.334 - Entities initialized
26.06.2013 03:56:54.334 - Returning cache data...
26.06.2013 03:56:54.941 - Returning cache data...
26.06.2013 03:57:38.813 - Returning cache data...
26.06.2013 03:57:55.987 - Returning comments for: 33
26.06.2013 03:59:01.636 - Returning cache data...
26.06.2013 03:59:08.235 - Returning comments for: 65
28.06.2013 17:33:06.105 - Site Manager initialized, retrieve entities from DB
28.06.2013 17:33:07.930 - Refreshing Json string cache...
28.06.2013 17:33:07.969 - Entities initialized
28.06.2013 17:33:07.969 - Returning cache data...
28.06.2013 17:33:14.828 - Returning cache data...
28.06.2013 17:33:46.419 - Returning comments for: 37
28.06.2013 17:46:19.973 - Site Manager initialized, retrieve entities from DB
28.06.2013 17:46:21.834 - Refreshing Json string cache...
28.06.2013 17:46:21.861 - Entities initialized
28.06.2013 17:46:21.861 - Returning cache data...
28.06.2013 17:46:25.925 - Returning cache data...
28.06.2013 17:46:31.356 - Returning comments for: 37
28.06.2013 17:46:48.528 - Returning cache data...
28.06.2013 17:46:50.711 - Returning comments for: 59
28.06.2013 17:46:59.577 - Returning cache data...
28.06.2013 17:47:06.143 - Returning comments for: 65
28.06.2013 17:47:53.100 - Returning cache data...
28.06.2013 17:47:54.627 - Returning comments for: 65
28.06.2013 17:49:26.245 - Returning cache data...
28.06.2013 17:49:28.595 - Returning comments for: 65
29.06.2013 14:07:31.420 - Site Manager initialized, retrieve entities from DB
29.06.2013 14:07:32.864 - Refreshing Json string cache...
29.06.2013 14:07:32.903 - Entities initialized
29.06.2013 14:07:32.903 - Returning cache data...
29.06.2013 14:07:44.746 - Returning comments for: 56
29.06.2013 14:08:15.843 - Returning comments for: 57
29.06.2013 14:08:17.411 - Returning comments for: 56
29.06.2013 14:08:21.770 - Returning comments for: 55
29.06.2013 14:08:23.844 - Returning comments for: 56
29.06.2013 14:08:26.148 - Returning cache data...
29.06.2013 14:08:30.716 - Returning comments for: 57
29.06.2013 14:08:34.578 - Returning comments for: 56
29.06.2013 14:08:53.517 - Returning cache data...
29.06.2013 14:09:17.662 - Site Manager initialized, retrieve entities from DB
29.06.2013 14:09:18.635 - Refreshing Json string cache...
29.06.2013 14:09:18.660 - Entities initialized
29.06.2013 14:09:18.660 - Returning cache data...
29.06.2013 14:09:25.612 - Returning comments for: 56
29.06.2013 14:09:28.194 - Returning comments for: 57
29.06.2013 14:09:29.955 - Returning comments for: 56
29.06.2013 14:09:31.362 - Returning comments for: 55
29.06.2013 14:09:32.339 - Returning comments for: 56
29.06.2013 14:09:33.867 - Returning comments for: 57
29.06.2013 14:10:02.628 - Returning cache data...
29.06.2013 14:10:14.769 - Returning cache data...
29.06.2013 14:10:16.163 - Returning cache data...
29.06.2013 14:10:24.444 - Returning comments for: 56
29.06.2013 14:10:52.140 - Returning cache data...
29.06.2013 14:11:12.658 - Site Manager initialized, retrieve entities from DB
29.06.2013 14:11:28.156 - Refreshing Json string cache...
29.06.2013 14:11:28.182 - Entities initialized
29.06.2013 14:11:28.182 - Returning cache data...
29.06.2013 14:11:41.180 - Returning comments for: 56
29.06.2013 14:11:59.253 - Site Manager initialized, retrieve entities from DB
29.06.2013 14:14:48.738 - Site Manager initialized, retrieve entities from DB
29.06.2013 14:17:01.795 - Site Manager initialized, retrieve entities from DB
29.06.2013 14:20:01.606 - Site Manager initialized, retrieve entities from DB
29.06.2013 14:21:48.725 - Site Manager initialized, retrieve entities from DB
29.06.2013 14:26:07.789 - Site Manager initialized, retrieve entities from DB
29.06.2013 14:26:09.590 - Refreshing Json string cache...
29.06.2013 14:26:09.609 - Entities initialized
29.06.2013 14:26:09.609 - Returning cache data...
29.06.2013 14:26:52.366 - Site Manager initialized, retrieve entities from DB
29.06.2013 14:26:54.062 - Refreshing Json string cache...
29.06.2013 14:26:54.077 - Entities initialized
29.06.2013 14:26:54.077 - Returning cache data...
29.06.2013 14:27:59.578 - Returning cache data...
29.06.2013 14:30:23.231 - Returning cache data...
29.06.2013 14:30:59.713 - Returning cache data...
29.06.2013 14:31:31.695 - Returning cache data...
29.06.2013 14:31:43.079 - Returning cache data...
29.06.2013 14:32:20.560 - Returning cache data...
29.06.2013 14:32:42.415 - Returning cache data...
29.06.2013 14:34:13.252 - Returning cache data...
29.06.2013 14:35:16.046 - Returning cache data...
29.06.2013 14:36:22.793 - Returning cache data...
29.06.2013 14:36:52.265 - Returning cache data...
29.06.2013 14:37:05.362 - Returning cache data...
29.06.2013 14:37:52.573 - Returning cache data...
29.06.2013 14:38:12.093 - Returning cache data...
29.06.2013 14:40:40.431 - Returning cache data...
29.06.2013 14:40:56.882 - Returning cache data...
29.06.2013 14:41:33.417 - Returning cache data...
29.06.2013 14:53:08.028 - Site Manager initialized, retrieve entities from DB
29.06.2013 14:53:09.732 - Refreshing Json string cache...
29.06.2013 14:53:09.748 - Entities initialized
29.06.2013 14:53:09.748 - Returning cache data...
29.06.2013 14:53:57.908 - Returning cache data...
29.06.2013 14:56:05.483 - Returning cache data...
29.06.2013 14:59:22.911 - Returning cache data...
29.06.2013 15:03:42.576 - Returning cache data...
29.06.2013 15:04:25.666 - Returning cache data...
29.06.2013 15:04:51.452 - Returning cache data...
29.06.2013 15:07:29.619 - Returning cache data...
29.06.2013 15:07:40.869 - Returning comments for: 56
29.06.2013 15:11:16.566 - Returning cache data...
29.06.2013 15:13:12.527 - Returning cache data...
29.06.2013 15:15:06.259 - Returning cache data...
29.06.2013 15:17:51.436 - Returning cache data...
29.06.2013 15:18:48.596 - Returning cache data...
29.06.2013 15:19:50.464 - Returning cache data...
29.06.2013 15:20:32.292 - Returning cache data...
29.06.2013 15:21:18.507 - Returning cache data...
29.06.2013 15:21:57.597 - Returning comments for: 56
29.06.2013 15:22:00.118 - Outlet with Id - 56 was voted with rating :4 resulting in new rating: 4
29.06.2013 15:22:00.119 - Refreshing Json string cache...
29.06.2013 15:22:02.634 - Returning comments for: 57
29.06.2013 15:22:04.011 - Returning comments for: 56
29.06.2013 15:22:05.763 - Returning cache data...
29.06.2013 15:43:43.034 - Site Manager initialized, retrieve entities from DB
29.06.2013 15:43:44.875 - Refreshing Json string cache...
29.06.2013 15:43:44.891 - Entities initialized
29.06.2013 15:43:44.891 - Returning cache data...
29.06.2013 15:49:38.080 - Site Manager initialized, retrieve entities from DB
29.06.2013 15:49:39.791 - Refreshing Json string cache...
29.06.2013 15:49:39.806 - Entities initialized
29.06.2013 15:49:39.806 - Returning cache data...
29.06.2013 15:49:41.629 - Returning comments for: 47
29.06.2013 15:53:28.231 - Site Manager initialized, retrieve entities from DB
29.06.2013 15:53:30.046 - Refreshing Json string cache...
29.06.2013 15:53:30.061 - Entities initialized
29.06.2013 15:53:30.062 - Returning cache data...
29.06.2013 15:53:32.267 - Returning comments for: 47
29.06.2013 16:09:18.391 - Site Manager initialized, retrieve entities from DB
29.06.2013 16:09:20.101 - Refreshing Json string cache...
29.06.2013 16:09:20.115 - Entities initialized
29.06.2013 16:09:20.116 - Returning cache data...
29.06.2013 16:09:25.201 - Returning comments for: 47
29.06.2013 16:12:56.487 - Site Manager initialized, retrieve entities from DB
29.06.2013 16:12:58.252 - Refreshing Json string cache...
29.06.2013 16:12:58.266 - Entities initialized
29.06.2013 16:12:58.266 - Returning cache data...
29.06.2013 16:13:01.112 - Returning comments for: 47
29.06.2013 16:23:56.935 - Site Manager initialized, retrieve entities from DB
29.06.2013 16:23:58.674 - Refreshing Json string cache...
29.06.2013 16:23:58.690 - Entities initialized
29.06.2013 16:23:58.690 - Returning cache data...
29.06.2013 16:24:25.073 - Returning comments for: 47
29.06.2013 19:03:18.048 - Returning cache data...
29.06.2013 19:03:19.357 - Returning comments for: 47
30.06.2013 11:22:43.906 - Site Manager initialized, retrieve entities from DB
30.06.2013 11:22:44.776 - Refreshing Json string cache...
30.06.2013 11:22:44.794 - Entities initialized
30.06.2013 11:22:44.794 - Returning cache data...
30.06.2013 11:22:54.724 - Returning comments for: 47
30.06.2013 11:23:18.615 - Comment was added for outletID- 47 from user: ololo with text :
123
30.06.2013 11:29:37.950 - Site Manager initialized, retrieve entities from DB
30.06.2013 11:29:38.269 - Refreshing Json string cache...
30.06.2013 11:29:38.284 - Entities initialized
30.06.2013 11:29:38.284 - Returning cache data...
30.06.2013 11:29:42.946 - Returning comments for: 47
30.06.2013 11:43:40.250 - Returning cache data...
30.06.2013 11:44:05.111 - Returning comments for: 59
30.06.2013 11:47:53.649 - Returning cache data...
30.06.2013 11:47:57.969 - Returning comments for: 59
30.06.2013 12:38:28.903 - Site Manager initialized, retrieve entities from DB
30.06.2013 12:38:29.088 - Refreshing Json string cache...
30.06.2013 12:38:29.100 - Entities initialized
30.06.2013 12:38:29.100 - Returning cache data...
30.06.2013 12:38:33.842 - Returning comments for: 59
30.06.2013 12:40:28.150 - Returning cache data...
30.06.2013 12:40:44.627 - Refreshing Json string cache...
30.06.2013 12:40:44.628 - Success: Outlet was added
30.06.2013 12:40:44.795 - Returning cache data...
30.06.2013 12:40:54.720 - Returning comments for: 64
30.06.2013 12:41:20.457 - Returning comments for: 61
30.06.2013 12:41:21.387 - Returning comments for: 64
30.06.2013 12:42:10.675 - Returning comments for: 61
30.06.2013 12:42:11.930 - Returning comments for: 64
30.06.2013 12:43:56.033 - Returning cache data...
30.06.2013 12:44:00.026 - Returning comments for: 64
30.06.2013 12:44:45.563 - Returning comments for: 64
30.06.2013 12:46:34.512 - Returning cache data...
30.06.2013 12:46:37.186 - Returning comments for: 64
30.06.2013 12:49:09.095 - Returning cache data...
30.06.2013 12:49:11.283 - Returning comments for: 64
30.06.2013 12:49:54.784 - Returning cache data...
30.06.2013 12:49:57.466 - Returning comments for: 64
30.06.2013 12:50:17.782 - Returning comments for: 64
30.06.2013 12:50:26.218 - Returning comments for: 61
30.06.2013 12:50:27.609 - Returning comments for: 64
30.06.2013 12:50:44.645 - Returning cache data...
30.06.2013 12:50:46.963 - Returning comments for: 64
30.06.2013 12:54:28.057 - Returning cache data...
30.06.2013 12:54:36.886 - Returning comments for: 64
30.06.2013 12:56:37.961 - Returning cache data...
30.06.2013 12:56:40.833 - Returning comments for: 64
30.06.2013 13:07:27.252 - Returning cache data...
30.06.2013 13:07:30.049 - Returning comments for: 64
30.06.2013 13:08:20.659 - Returning cache data...
30.06.2013 13:08:23.288 - Returning comments for: 64
30.06.2013 13:12:05.689 - Returning cache data...
30.06.2013 13:12:09.504 - Returning comments for: 64
30.06.2013 13:13:12.308 - Returning cache data...
30.06.2013 13:13:14.591 - Returning comments for: 64
30.06.2013 13:13:44.648 - Returning cache data...
30.06.2013 13:13:46.632 - Returning comments for: 64
30.06.2013 13:15:55.792 - Returning cache data...
30.06.2013 13:16:00.792 - Returning comments for: 64
30.06.2013 13:16:13.757 - Returning comments for: 60
30.06.2013 13:16:16.164 - Returning comments for: 44
30.06.2013 13:30:50.563 - Returning comments for: 32
30.06.2013 13:32:52.295 - Returning cache data...
30.06.2013 13:32:53.878 - Returning comments for: 59
30.06.2013 13:32:56.267 - Returning comments for: 60
30.06.2013 13:32:58.723 - Returning comments for: 37
30.06.2013 13:33:12.290 - Returning comments for: 34
30.06.2013 13:33:14.341 - Returning comments for: 32
30.06.2013 13:33:28.264 - Returning cache data...
30.06.2013 13:33:29.967 - Returning comments for: 32
30.06.2013 13:35:48.551 - Returning cache data...
30.06.2013 13:35:50.774 - Returning comments for: 64
30.06.2013 13:36:33.491 - Returning cache data...
30.06.2013 13:36:35.534 - Returning comments for: 64
30.06.2013 13:38:27.680 - Returning cache data...
30.06.2013 13:42:29.535 - Returning cache data...
30.06.2013 13:42:32.180 - Returning comments for: 64
30.06.2013 13:45:03.447 - Returning cache data...
30.06.2013 13:45:05.149 - Returning comments for: 64
30.06.2013 13:46:28.272 - Returning cache data...
30.06.2013 13:46:32.340 - Returning comments for: 64
30.06.2013 13:49:51.529 - Returning cache data...
30.06.2013 13:49:58.124 - Returning comments for: 64
30.06.2013 13:52:42.820 - Returning cache data...
30.06.2013 13:52:45.259 - Returning comments for: 64
30.06.2013 13:54:27.112 - Returning cache data...
30.06.2013 13:54:30.014 - Returning comments for: 64
30.06.2013 13:55:59.694 - Refreshing Json string cache...
30.06.2013 13:55:59.697 - Success: Price List successfully updated
30.06.2013 13:56:21.189 - Returning cache data...
30.06.2013 13:59:35.188 - Returning comments for: 64
30.06.2013 14:01:42.527 - Returning cache data...
30.06.2013 14:01:44.219 - Returning comments for: 59
30.06.2013 14:01:46.250 - Returning comments for: 64
30.06.2013 14:03:34.753 - Returning cache data...
30.06.2013 14:03:37.331 - Returning comments for: 64
30.06.2013 14:04:19.682 - Returning cache data...
30.06.2013 14:04:28.026 - Returning comments for: 64
30.06.2013 14:07:27.796 - Returning cache data...
30.06.2013 14:07:33.058 - Returning comments for: 64
30.06.2013 14:08:31.286 - Refreshing Json string cache...
30.06.2013 14:08:31.287 - Success: Price List successfully updated
30.06.2013 14:08:31.453 - Returning cache data...
30.06.2013 14:10:20.981 - Outlet with Id - 64 was voted with rating :4 resulting in new rating: 4
30.06.2013 14:10:20.981 - Refreshing Json string cache...
30.06.2013 18:27:12.379 - Site Manager initialized, retrieve entities from DB
30.06.2013 18:27:13.112 - Refreshing Json string cache...
30.06.2013 18:27:13.144 - Entities initialized
30.06.2013 18:27:13.145 - Returning cache data...
30.06.2013 18:27:15.575 - Returning comments for: 64
30.06.2013 18:28:53.898 - Returning cache data...
30.06.2013 18:28:56.645 - Returning comments for: 64
30.06.2013 18:33:53.730 - Returning cache data...
30.06.2013 18:33:56.993 - Returning comments for: 64
30.06.2013 18:34:33.522 - Returning cache data...
30.06.2013 18:34:35.547 - Returning comments for: 64
30.06.2013 18:35:19.519 - Returning cache data...
30.06.2013 18:35:22.332 - Returning comments for: 64
30.06.2013 18:37:51.822 - Returning cache data...
30.06.2013 18:37:56.612 - Returning comments for: 64
30.06.2013 18:38:32.694 - Returning cache data...
30.06.2013 18:38:34.955 - Returning comments for: 64
30.06.2013 18:39:19.569 - Returning cache data...
30.06.2013 18:39:23.788 - Returning comments for: 64
30.06.2013 18:39:55.193 - Returning cache data...
30.06.2013 18:39:58.547 - Returning comments for: 64
30.06.2013 18:40:38.761 - Returning cache data...
30.06.2013 18:40:40.628 - Returning comments for: 64
30.06.2013 18:41:21.085 - Returning cache data...
30.06.2013 18:41:23.052 - Returning comments for: 64
30.06.2013 18:41:45.852 - Returning cache data...
30.06.2013 18:41:47.803 - Returning comments for: 64
30.06.2013 18:47:03.732 - Returning cache data...
30.06.2013 18:47:05.779 - Returning comments for: 64
30.06.2013 18:47:33.473 - Returning cache data...
30.06.2013 18:47:35.938 - Returning comments for: 64
30.06.2013 18:48:07.050 - Returning cache data...
30.06.2013 18:48:08.634 - Returning comments for: 64
30.06.2013 18:48:56.001 - Refreshing Json string cache...
30.06.2013 18:48:56.002 - Success: Price List successfully updated
30.06.2013 18:48:56.172 - Returning cache data...
30.06.2013 19:09:00.207 - Site Manager initialized, retrieve entities from DB
30.06.2013 19:09:00.633 - Refreshing Json string cache...
30.06.2013 19:09:00.644 - Entities initialized
30.06.2013 19:09:00.644 - Returning cache data...
30.06.2013 19:09:57.215 - Site Manager initialized, retrieve entities from DB
30.06.2013 19:09:57.525 - Refreshing Json string cache...
30.06.2013 19:09:57.548 - Entities initialized
30.06.2013 19:09:57.548 - Returning cache data...
30.06.2013 19:11:00.408 - Site Manager initialized, retrieve entities from DB
30.06.2013 19:11:00.584 - Refreshing Json string cache...
30.06.2013 19:11:00.596 - Entities initialized
30.06.2013 19:11:00.596 - Returning cache data...
30.06.2013 19:15:48.213 - Returning cache data...
30.06.2013 19:17:42.083 - Returning cache data...
30.06.2013 19:18:20.744 - Returning cache data...
30.06.2013 19:18:46.830 - Returning cache data...
30.06.2013 19:20:42.376 - Returning cache data...
30.06.2013 19:22:01.353 - Returning cache data...
30.06.2013 19:23:24.856 - Returning cache data...
30.06.2013 19:24:51.573 - Returning cache data...
30.06.2013 19:26:43.246 - Returning cache data...
30.06.2013 19:27:41.755 - Returning cache data...
30.06.2013 19:29:46.076 - Returning cache data...
30.06.2013 19:32:40.901 - Returning cache data...
30.06.2013 19:35:23.556 - Returning cache data...
30.06.2013 19:35:27.206 - Returning comments for: 59
30.06.2013 19:35:37.005 - Returning comments for: 61
30.06.2013 19:35:39.021 - Returning comments for: 60
30.06.2013 19:35:41.677 - Returning comments for: 64
30.06.2013 19:35:43.562 - Returning comments for: 43
30.06.2013 19:35:45.853 - Returning comments for: 37
30.06.2013 19:36:28.803 - Returning cache data...
30.06.2013 19:36:31.829 - Returning comments for: 60
30.06.2013 19:36:35.349 - Returning comments for: 59
30.06.2013 19:37:39.541 - Returning cache data...
30.06.2013 19:37:41.071 - Returning comments for: 59
30.06.2013 19:37:44.789 - Returning comments for: 37
30.06.2013 19:37:50.377 - Returning comments for: 32
30.06.2013 19:38:49.290 - Returning cache data...
30.06.2013 19:38:50.886 - Returning comments for: 59
30.06.2013 19:38:54.153 - Returning comments for: 33
30.06.2013 19:38:56.905 - Returning comments for: 48
30.06.2013 19:38:59.409 - Returning comments for: 46
30.06.2013 19:39:00.740 - Returning comments for: 47
30.06.2013 19:39:02.340 - Returning comments for: 33
30.06.2013 19:39:04.468 - Returning comments for: 32
30.06.2013 19:39:06.444 - Returning comments for: 34
30.06.2013 19:39:08.108 - Returning comments for: 33
30.06.2013 19:39:10.428 - Returning comments for: 46
30.06.2013 19:39:11.657 - Returning comments for: 49
30.06.2013 19:39:13.068 - Returning comments for: 37
30.06.2013 19:39:25.499 - Returning comments for: 64
30.06.2013 19:40:47.337 - Returning cache data...
30.06.2013 19:40:49.260 - Returning comments for: 64
30.06.2013 19:43:13.857 - Returning cache data...
30.06.2013 19:43:16.373 - Returning comments for: 59
30.06.2013 19:43:26.811 - Returning comments for: 60
30.06.2013 19:43:28.392 - Returning comments for: 61
30.06.2013 19:43:30.201 - Returning comments for: 45
30.06.2013 19:43:31.612 - Returning comments for: 33
30.06.2013 19:43:32.868 - Returning comments for: 33
30.06.2013 19:43:53.232 - Returning cache data...
30.06.2013 19:43:54.734 - Returning comments for: 59
30.06.2013 19:50:47.605 - Returning cache data...
30.06.2013 19:50:48.917 - Returning comments for: 59
30.06.2013 19:50:53.753 - Returning comments for: 60
30.06.2013 19:50:59.243 - Returning comments for: 32
30.06.2013 19:51:22.385 - Returning cache data...
30.06.2013 19:51:23.485 - Returning comments for: 59
30.06.2013 19:52:32.007 - Site Manager initialized, retrieve entities from DB
30.06.2013 19:52:33.420 - Refreshing Json string cache...
30.06.2013 19:52:33.432 - Entities initialized
30.06.2013 19:52:33.432 - Returning cache data...
30.06.2013 19:52:46.227 - Returning comments for: 59
01.07.2013 01:09:45.281 - Site Manager initialized, retrieve entities from DB
01.07.2013 01:09:45.880 - Refreshing Json string cache...
01.07.2013 01:09:45.910 - Entities initialized
01.07.2013 01:09:45.910 - Returning cache data...
01.07.2013 01:09:53.327 - Returning comments for: 60
01.07.2013 01:12:52.246 - Returning cache data...
01.07.2013 01:12:56.244 - Returning comments for: 59
01.07.2013 01:13:31.403 - Returning cache data...
01.07.2013 01:13:34.072 - Returning comments for: 59
01.07.2013 01:14:30.942 - Returning comments for: 60
01.07.2013 01:14:32.381 - Returning comments for: 61
01.07.2013 01:14:36.780 - Returning comments for: 64
01.07.2013 01:14:39.653 - Returning comments for: 44
01.07.2013 01:14:42.246 - Returning comments for: 44
01.07.2013 01:14:43.292 - Returning comments for: 43
01.07.2013 01:14:45.197 - Returning comments for: 37
01.07.2013 01:23:32.772 - Returning comments for: 47
01.07.2013 01:24:06.414 - Returning cache data...
01.07.2013 01:24:07.704 - Returning comments for: 47
01.07.2013 01:26:33.600 - Returning cache data...
01.07.2013 01:26:35.750 - Returning comments for: 64
01.07.2013 01:26:47.217 - Comment was added for outletID- 64 from user: ololo with text :
pervonah
01.07.2013 01:26:54.133 - Returning comments for: 61
01.07.2013 01:26:55.941 - Returning comments for: 64
01.07.2013 01:27:02.413 - Returning comments for: 60
01.07.2013 01:27:04.557 - Returning comments for: 64
01.07.2013 01:27:33.039 - Returning cache data...
01.07.2013 01:27:34.838 - Returning comments for: 64
01.07.2013 01:27:44.357 - Returning comments for: 61
01.07.2013 01:27:47.021 - Returning comments for: 59
01.07.2013 01:27:49.195 - Returning comments for: 45
01.07.2013 01:27:50.747 - Returning comments for: 33
01.07.2013 01:27:52.227 - Returning comments for: 46
01.07.2013 01:27:53.893 - Returning comments for: 47
01.07.2013 01:27:55.875 - Returning comments for: 50
01.07.2013 01:28:03.555 - Returning comments for: 64
01.07.2013 01:28:25.147 - Returning comments for: 61
01.07.2013 01:29:31.918 - Returning comments for: 64
01.07.2013 01:30:22.805 - Returning comments for: 61
01.07.2013 01:30:28.766 - Returning comments for: 60
01.07.2013 01:31:02.967 - Returning comments for: 64
01.07.2013 01:31:40.713 - Returning cache data...
01.07.2013 01:31:46.637 - Returning comments for: 64
01.07.2013 01:33:06.964 - Returning cache data...
01.07.2013 01:33:21.701 - Returning comments for: 59
01.07.2013 01:33:54.143 - Returning comments for: 64
01.07.2013 01:34:05.403 - Returning cache data...
01.07.2013 01:34:12.846 - Returning comments for: 64
01.07.2013 01:35:16.685 - Site Manager initialized, retrieve entities from DB
01.07.2013 01:35:16.979 - Refreshing Json string cache...
01.07.2013 01:35:16.993 - Entities initialized
01.07.2013 01:35:16.993 - Returning cache data...
01.07.2013 01:35:22.061 - Returning comments for: 64
01.07.2013 01:35:35.836 - Returning cache data...
01.07.2013 01:36:27.882 - Site Manager initialized, retrieve entities from DB
01.07.2013 01:36:28.454 - Refreshing Json string cache...
01.07.2013 01:36:28.470 - Entities initialized
01.07.2013 01:36:28.470 - Returning cache data...
01.07.2013 01:36:31.167 - Returning comments for: 59
01.07.2013 01:37:04.504 - Returning comments for: 50
01.07.2013 01:38:41.667 - Site Manager initialized, retrieve entities from DB
01.07.2013 01:38:41.945 - Refreshing Json string cache...
01.07.2013 01:38:41.960 - Entities initialized
01.07.2013 01:38:41.960 - Returning comments for: 50
01.07.2013 01:39:41.544 - Returning cache data...
01.07.2013 01:39:46.533 - Returning comments for: 64
01.07.2013 01:39:55.684 - Returning comments for: 61
01.07.2013 01:40:21.677 - Returning cache data...
01.07.2013 01:40:46.807 - Returning comments for: 64
01.07.2013 01:42:14.785 - Site Manager initialized, retrieve entities from DB
01.07.2013 01:42:15.066 - Refreshing Json string cache...
01.07.2013 01:42:15.081 - Entities initialized
01.07.2013 01:42:15.081 - Returning cache data...
01.07.2013 01:42:16.663 - Returning comments for: 61
01.07.2013 01:42:19.005 - Returning comments for: 64
01.07.2013 01:42:26.636 - Returning comments for: 61
01.07.2013 01:42:30.676 - Returning comments for: 47
01.07.2013 01:42:40.887 - Comment was added for outletID- 47 from user: ololo with text :
testy4
01.07.2013 01:42:48.795 - Returning comments for: 46
01.07.2013 01:42:49.811 - Returning comments for: 47
01.07.2013 21:10:54.290 - Site Manager initialized, retrieve entities from DB
01.07.2013 21:10:54.473 - Refreshing Json string cache...
01.07.2013 21:10:54.485 - Entities initialized
01.07.2013 21:10:54.485 - Returning cache data...
01.07.2013 21:11:25.446 - Returning cache data...
01.07.2013 21:11:38.309 - Returning comments for: 59
01.07.2013 21:12:20.822 - Returning cache data...
01.07.2013 21:12:23.798 - Returning comments for: 59
01.07.2013 21:13:05.886 - Returning comments for: 64
01.07.2013 21:13:30.634 - Site Manager initialized, retrieve entities from DB
01.07.2013 21:13:32.307 - Refreshing Json string cache...
01.07.2013 21:13:32.318 - Entities initialized
01.07.2013 21:13:32.318 - Returning cache data...
01.07.2013 21:13:51.583 - Returning comments for: 59
01.07.2013 21:14:08.128 - Returning comments for: 59
01.07.2013 21:14:43.949 - Returning comments for: 59
01.07.2013 21:16:01.374 - Site Manager initialized, retrieve entities from DB
01.07.2013 21:16:01.805 - Refreshing Json string cache...
01.07.2013 21:16:01.818 - Entities initialized
01.07.2013 21:16:01.818 - Returning cache data...
01.07.2013 21:16:43.870 - Returning cache data...
01.07.2013 21:17:13.141 - Returning cache data...
01.07.2013 21:17:27.037 - Returning cache data...
01.07.2013 21:18:00.188 - Returning cache data...
01.07.2013 21:18:34.977 - Returning comments for: 59
01.07.2013 21:22:16.679 - Site Manager initialized, retrieve entities from DB
01.07.2013 21:22:16.983 - Refreshing Json string cache...
01.07.2013 21:22:17.000 - Entities initialized
01.07.2013 21:22:17.001 - Returning cache data...
01.07.2013 21:22:19.348 - Returning comments for: 60
01.07.2013 21:22:21.931 - Returning comments for: 64
01.07.2013 21:22:45.259 - Returning cache data...
01.07.2013 21:22:47.149 - Returning comments for: 64
01.07.2013 21:23:33.277 - Returning cache data...
01.07.2013 21:23:34.566 - Returning comments for: 60
01.07.2013 21:23:54.953 - Returning cache data...
01.07.2013 21:23:57.141 - Returning comments for: 59
01.07.2013 21:24:06.780 - Returning comments for: 64
01.07.2013 21:24:09.225 - Returning comments for: 61
01.07.2013 21:24:14.893 - Returning comments for: 60
01.07.2013 21:26:49.425 - Returning cache data...
01.07.2013 21:26:50.949 - Returning comments for: 59
01.07.2013 21:26:59.052 - Returning comments for: 61
01.07.2013 21:29:42.025 - Returning cache data...
01.07.2013 21:29:52.940 - Returning comments for: 59
01.07.2013 21:31:43.217 - Returning cache data...
01.07.2013 21:31:46.059 - Returning comments for: 59
01.07.2013 21:34:48.377 - Returning cache data...
01.07.2013 21:34:50.325 - Returning comments for: 60
01.07.2013 21:34:53.362 - Returning comments for: 64
01.07.2013 21:34:56.601 - Returning comments for: 43
01.07.2013 21:34:58.911 - Returning comments for: 37
01.07.2013 21:35:05.249 - Returning comments for: 60
01.07.2013 21:36:55.062 - Returning cache data...
01.07.2013 21:36:57.355 - Returning comments for: 59
01.07.2013 21:39:50.478 - Returning cache data...
01.07.2013 21:39:52.252 - Returning comments for: 60
01.07.2013 21:39:55.082 - Returning comments for: 61
01.07.2013 21:39:56.978 - Returning comments for: 64
01.07.2013 21:40:13.859 - Returning cache data...
01.07.2013 21:40:36.014 - Returning cache data...
01.07.2013 21:40:39.667 - Returning comments for: 59
01.07.2013 21:41:28.395 - Returning comments for: 60
01.07.2013 21:41:29.787 - Returning comments for: 61
01.07.2013 21:41:31.353 - Returning comments for: 64
01.07.2013 21:41:33.586 - Returning comments for: 43
01.07.2013 21:41:35.951 - Returning comments for: 32
01.07.2013 21:41:37.158 - Returning comments for: 46
01.07.2013 21:41:38.343 - Returning comments for: 53
01.07.2013 21:41:39.622 - Returning comments for: 57
01.07.2013 21:41:40.854 - Returning comments for: 47
01.07.2013 22:55:42.627 - Site Manager initialized, retrieve entities from DB
01.07.2013 22:55:42.792 - Refreshing Json string cache...
01.07.2013 22:55:42.804 - Entities initialized
01.07.2013 22:55:42.804 - Returning cache data...
01.07.2013 22:58:26.036 - Returning cache data...
01.07.2013 22:59:15.197 - Returning cache data...
01.07.2013 22:59:47.692 - Returning cache data...
01.07.2013 22:59:51.027 - Returning cache data...
01.07.2013 23:01:31.347 - Returning cache data...
01.07.2013 23:03:46.595 - Returning cache data...
01.07.2013 23:07:05.549 - Returning cache data...
01.07.2013 23:15:25.348 - Returning cache data...
01.07.2013 23:15:27.210 - Returning comments for: 59
01.07.2013 23:15:58.358 - Returning cache data...
01.07.2013 23:15:59.594 - Returning comments for: 59
01.07.2013 23:17:29.468 - Returning cache data...
01.07.2013 23:17:31.409 - Returning comments for: 59
01.07.2013 23:19:54.917 - Returning cache data...
01.07.2013 23:19:56.265 - Returning comments for: 60
01.07.2013 23:19:58.366 - Returning comments for: 64
01.07.2013 23:20:26.999 - Returning comments for: 61
01.07.2013 23:20:51.686 - Returning cache data...
01.07.2013 23:20:52.882 - Returning comments for: 61
01.07.2013 23:22:50.215 - Returning cache data...
01.07.2013 23:22:51.625 - Returning comments for: 47
01.07.2013 23:23:27.825 - Returning cache data...
01.07.2013 23:23:29.926 - Returning comments for: 47
01.07.2013 23:25:34.486 - Returning cache data...
01.07.2013 23:25:35.640 - Returning comments for: 47
01.07.2013 23:27:12.765 - Returning cache data...
01.07.2013 23:27:14.281 - Returning comments for: 47
01.07.2013 23:28:10.315 - Returning cache data...
01.07.2013 23:28:11.496 - Returning comments for: 47
01.07.2013 23:28:53.889 - Returning cache data...
01.07.2013 23:28:55.233 - Returning comments for: 47
01.07.2013 23:47:31.000 - Returning cache data...
01.07.2013 23:47:32.230 - Returning comments for: 47
01.07.2013 23:48:36.344 - Returning cache data...
01.07.2013 23:48:37.654 - Returning comments for: 47
01.07.2013 23:50:14.090 - Returning cache data...
01.07.2013 23:50:15.349 - Returning comments for: 47
01.07.2013 23:51:56.740 - Returning comments for: 46
01.07.2013 23:51:59.646 - Returning cache data...
01.07.2013 23:52:00.974 - Returning comments for: 47
01.07.2013 23:53:28.185 - Returning cache data...
01.07.2013 23:53:29.085 - Returning comments for: 47
01.07.2013 23:59:09.885 - Returning cache data...
01.07.2013 23:59:11.468 - Returning comments for: 47
02.07.2013 00:09:00.983 - Returning cache data...
02.07.2013 00:09:02.762 - Returning comments for: 47
02.07.2013 00:11:45.826 - Returning cache data...
02.07.2013 00:11:47.723 - Returning comments for: 47
02.07.2013 00:12:07.280 - Returning comments for: 46
02.07.2013 00:12:08.296 - Returning comments for: 47
02.07.2013 00:14:30.204 - Returning cache data...
02.07.2013 00:14:31.354 - Returning comments for: 47
02.07.2013 00:17:05.357 - Returning cache data...
02.07.2013 00:17:06.619 - Returning comments for: 47
02.07.2013 00:17:29.618 - Returning comments for: 46
02.07.2013 00:17:30.431 - Returning comments for: 47
02.07.2013 00:18:38.337 - Returning cache data...
02.07.2013 00:18:40.675 - Returning comments for: 59
02.07.2013 00:18:50.009 - Returning comments for: 64
02.07.2013 00:19:33.774 - Returning cache data...
02.07.2013 00:19:34.748 - Returning comments for: 47
02.07.2013 00:22:44.845 - Returning cache data...
02.07.2013 00:22:45.985 - Returning comments for: 47
02.07.2013 00:23:58.467 - Returning cache data...
02.07.2013 00:23:59.779 - Returning comments for: 47
02.07.2013 00:29:24.068 - Returning cache data...
02.07.2013 00:29:25.441 - Returning comments for: 47
02.07.2013 00:43:44.987 - Site Manager initialized, retrieve entities from DB
02.07.2013 00:43:45.473 - Refreshing Json string cache...
02.07.2013 00:43:45.484 - Entities initialized
02.07.2013 00:43:45.485 - Returning cache data...
02.07.2013 00:43:47.018 - Returning comments for: 47
02.07.2013 00:45:52.895 - Site Manager initialized, retrieve entities from DB
02.07.2013 00:45:54.656 - Refreshing Json string cache...
02.07.2013 00:45:54.682 - Entities initialized
02.07.2013 00:45:54.682 - Returning cache data...
02.07.2013 00:45:55.928 - Returning comments for: 47
02.07.2013 02:24:55.873 - Site Manager initialized, retrieve entities from DB
02.07.2013 02:24:56.453 - Refreshing Json string cache...
02.07.2013 02:24:56.478 - Entities initialized
02.07.2013 02:24:56.478 - Returning cache data...
02.07.2013 02:24:59.518 - Returning comments for: 47
02.07.2013 02:27:21.486 - Site Manager initialized, retrieve entities from DB
02.07.2013 02:27:21.770 - Refreshing Json string cache...
02.07.2013 02:27:21.785 - Entities initialized
02.07.2013 02:38:24.689 - Site Manager initialized, retrieve entities from DB
02.07.2013 02:38:26.076 - Refreshing Json string cache...
02.07.2013 02:38:26.088 - Entities initialized
02.07.2013 02:38:26.088 - Returning cache data...
02.07.2013 02:38:33.865 - Site Manager initialized, retrieve entities from DB
02.07.2013 02:38:34.152 - Refreshing Json string cache...
02.07.2013 02:38:34.172 - Entities initialized
02.07.2013 02:38:34.172 - Returning comments for: 59
02.07.2013 02:38:37.691 - Comment with id :JunkBackEnd.Entities.CommentEntity voted 1 successfully
02.07.2013 02:38:41.169 - Comment with id :JunkBackEnd.Entities.CommentEntity voted 1 successfully
02.07.2013 02:38:41.769 - Comment with id :JunkBackEnd.Entities.CommentEntity voted 1 successfully
02.07.2013 02:38:42.138 - Comment with id :JunkBackEnd.Entities.CommentEntity voted 1 successfully
02.07.2013 02:38:42.448 - Comment with id :JunkBackEnd.Entities.CommentEntity voted 1 successfully
02.07.2013 02:38:42.904 - Comment with id :JunkBackEnd.Entities.CommentEntity voted 1 successfully
02.07.2013 02:38:44.180 - Comment with id :JunkBackEnd.Entities.CommentEntity voted -1 successfully
02.07.2013 02:38:44.480 - Comment with id :JunkBackEnd.Entities.CommentEntity voted -1 successfully
02.07.2013 02:38:44.664 - Comment with id :JunkBackEnd.Entities.CommentEntity voted -1 successfully
02.07.2013 02:38:44.873 - Comment with id :JunkBackEnd.Entities.CommentEntity voted -1 successfully
02.07.2013 02:38:45.785 - Comment with id :JunkBackEnd.Entities.CommentEntity voted -1 successfully
02.07.2013 02:38:46.448 - Comment with id :JunkBackEnd.Entities.CommentEntity voted -1 successfully
02.07.2013 02:38:47.072 - Comment with id :JunkBackEnd.Entities.CommentEntity voted -1 successfully
02.07.2013 02:38:47.520 - Comment with id :JunkBackEnd.Entities.CommentEntity voted -1 successfully
02.07.2013 02:38:47.825 - Comment with id :JunkBackEnd.Entities.CommentEntity voted -1 successfully
02.07.2013 02:38:48.122 - Comment with id :JunkBackEnd.Entities.CommentEntity voted -1 successfully
02.07.2013 02:38:48.473 - Comment with id :JunkBackEnd.Entities.CommentEntity voted -1 successfully
02.07.2013 02:38:48.656 - Comment with id :JunkBackEnd.Entities.CommentEntity voted -1 successfully
02.07.2013 02:38:48.816 - Comment with id :JunkBackEnd.Entities.CommentEntity voted -1 successfully
02.07.2013 02:38:48.999 - Comment with id :JunkBackEnd.Entities.CommentEntity voted -1 successfully
02.07.2013 02:38:50.288 - Comment with id :JunkBackEnd.Entities.CommentEntity voted -1 successfully
02.07.2013 02:38:50.712 - Comment with id :JunkBackEnd.Entities.CommentEntity voted -1 successfully
02.07.2013 02:38:51.208 - Comment with id :JunkBackEnd.Entities.CommentEntity voted -1 successfully
02.07.2013 02:38:51.673 - Comment with id :JunkBackEnd.Entities.CommentEntity voted -1 successfully
02.07.2013 02:38:52.345 - Comment with id :JunkBackEnd.Entities.CommentEntity voted -1 successfully
02.07.2013 02:38:52.984 - Comment with id :JunkBackEnd.Entities.CommentEntity voted -1 successfully
02.07.2013 02:38:54.425 - Comment with id :JunkBackEnd.Entities.CommentEntity voted -1 successfully
02.07.2013 02:38:55.122 - Comment with id :JunkBackEnd.Entities.CommentEntity voted -1 successfully
02.07.2013 02:38:55.664 - Comment with id :JunkBackEnd.Entities.CommentEntity voted -1 successfully
02.07.2013 02:38:56.616 - Comment with id :JunkBackEnd.Entities.CommentEntity voted -1 successfully
02.07.2013 02:38:57.200 - Comment with id :JunkBackEnd.Entities.CommentEntity voted -1 successfully
02.07.2013 02:38:58.258 - Comment with id :JunkBackEnd.Entities.CommentEntity voted -1 successfully
02.07.2013 02:38:59.191 - Comment with id :JunkBackEnd.Entities.CommentEntity voted -1 successfully
02.07.2013 02:39:00.961 - Comment with id :JunkBackEnd.Entities.CommentEntity voted 1 successfully
02.07.2013 02:39:02.144 - Comment with id :JunkBackEnd.Entities.CommentEntity voted 1 successfully
02.07.2013 02:39:02.712 - Comment with id :JunkBackEnd.Entities.CommentEntity voted 1 successfully
02.07.2013 02:39:29.283 - Comment with id :JunkBackEnd.Entities.CommentEntity voted 1 successfully
02.07.2013 02:39:47.485 - Returning cache data...
02.07.2013 02:39:50.498 - Returning comments for: 59
02.07.2013 02:42:24.376 - Site Manager initialized, retrieve entities from DB
02.07.2013 02:42:26.110 - Refreshing Json string cache...
02.07.2013 02:42:26.125 - Entities initialized
02.07.2013 02:42:26.125 - Returning cache data...
02.07.2013 02:42:29.123 - Returning comments for: 64
02.07.2013 02:42:30.712 - Returning comments for: 61
02.07.2013 02:42:51.903 - Returning comments for: 59
02.07.2013 02:42:56.529 - Returning comments for: 32
02.07.2013 02:43:33.862 - Comment with id :JunkBackEnd.Entities.CommentEntity voted -1 successfully
02.07.2013 02:44:03.455 - Comment with id :JunkBackEnd.Entities.CommentEntity voted -1 successfully
02.07.2013 02:44:21.014 - Site Manager initialized, retrieve entities from DB
02.07.2013 02:44:21.301 - Refreshing Json string cache...
02.07.2013 02:44:21.303 - Site Manager initialized, retrieve entities from DB
02.07.2013 02:44:21.317 - Entities initialized
02.07.2013 02:44:21.336 - Refreshing Json string cache...
02.07.2013 02:44:21.337 - Entities initialized
02.07.2013 02:44:21.391 - Comment with id :JunkBackEnd.Entities.CommentEntity voted -1 successfully
02.07.2013 02:44:21.394 - Comment with id :JunkBackEnd.Entities.CommentEntity voted -1 successfully
02.07.2013 02:44:22.320 - Comment with id :JunkBackEnd.Entities.CommentEntity voted -1 successfully
02.07.2013 02:44:22.823 - Comment with id :JunkBackEnd.Entities.CommentEntity voted -1 successfully
02.07.2013 02:44:23.304 - Comment with id :JunkBackEnd.Entities.CommentEntity voted -1 successfully
02.07.2013 02:44:23.663 - Comment with id :JunkBackEnd.Entities.CommentEntity voted -1 successfully
02.07.2013 02:44:24.175 - Comment with id :JunkBackEnd.Entities.CommentEntity voted -1 successfully
02.07.2013 02:44:24.680 - Comment with id :JunkBackEnd.Entities.CommentEntity voted -1 successfully
02.07.2013 02:44:25.000 - Comment with id :JunkBackEnd.Entities.CommentEntity voted -1 successfully
02.07.2013 02:44:25.320 - Comment with id :JunkBackEnd.Entities.CommentEntity voted -1 successfully
02.07.2013 02:44:25.616 - Comment with id :JunkBackEnd.Entities.CommentEntity voted -1 successfully
02.07.2013 02:44:26.424 - Comment with id :JunkBackEnd.Entities.CommentEntity voted -1 successfully
02.07.2013 02:44:26.873 - Comment with id :JunkBackEnd.Entities.CommentEntity voted -1 successfully
02.07.2013 02:44:27.520 - Comment with id :JunkBackEnd.Entities.CommentEntity voted -1 successfully
02.07.2013 02:44:28.048 - Comment with id :JunkBackEnd.Entities.CommentEntity voted -1 successfully
02.07.2013 02:44:28.560 - Comment with id :JunkBackEnd.Entities.CommentEntity voted -1 successfully
02.07.2013 02:44:29.041 - Comment with id :JunkBackEnd.Entities.CommentEntity voted -1 successfully
02.07.2013 02:45:32.841 - Returning comments for: 59
02.07.2013 02:45:34.248 - Returning comments for: 32
02.07.2013 02:45:37.136 - Returning comments for: 60
02.07.2013 02:45:38.919 - Returning comments for: 64
02.07.2013 02:45:40.430 - Comment with id :JunkBackEnd.Entities.CommentEntity voted 1 successfully
02.07.2013 02:45:40.880 - Comment with id :JunkBackEnd.Entities.CommentEntity voted 1 successfully
02.07.2013 02:45:51.512 - Returning comments for: 37
02.07.2013 02:45:57.224 - Returning comments for: 47
02.07.2013 02:46:02.566 - Comment with id :JunkBackEnd.Entities.CommentEntity voted 1 successfully
02.07.2013 02:46:03.048 - Comment with id :JunkBackEnd.Entities.CommentEntity voted 1 successfully
02.07.2013 02:46:03.472 - Comment with id :JunkBackEnd.Entities.CommentEntity voted 1 successfully
02.07.2013 02:46:04.735 - Comment with id :JunkBackEnd.Entities.CommentEntity voted 1 successfully
02.07.2013 02:46:06.806 - Returning comments for: 49
02.07.2013 02:46:08.773 - Returning comments for: 51
02.07.2013 02:46:10.199 - Returning comments for: 46
02.07.2013 02:46:14.639 - Returning comments for: 64
02.07.2013 02:46:17.014 - Comment with id :JunkBackEnd.Entities.CommentEntity voted -1 successfully
02.07.2013 02:47:26.368 - Site Manager initialized, retrieve entities from DB
02.07.2013 02:47:26.532 - Refreshing Json string cache...
02.07.2013 02:47:26.542 - Entities initialized
02.07.2013 02:47:26.563 - Comment with id :49 voted 1 successfully
02.07.2013 02:48:09.166 - Returning comments for: 61
02.07.2013 02:48:12.999 - Returning comments for: 47
02.07.2013 02:48:16.118 - Comment with id :50 voted 1 successfully
02.07.2013 02:48:18.975 - Comment with id :50 voted 1 successfully
02.07.2013 02:49:52.445 - Site Manager initialized, retrieve entities from DB
02.07.2013 02:49:52.611 - Refreshing Json string cache...
02.07.2013 02:49:52.625 - Entities initialized
02.07.2013 02:49:52.625 - Returning comments for: 50
02.07.2013 02:49:55.015 - Returning comments for: 49
02.07.2013 02:49:57.479 - Returning comments for: 59
02.07.2013 02:49:59.447 - Comment with id :38 was voted with delta 1 successfully
02.07.2013 02:50:01.048 - Returning comments for: 37
02.07.2013 02:50:02.193 - Returning comments for: 59
02.07.2013 02:50:11.013 - Returning cache data...
02.07.2013 02:50:12.790 - Returning comments for: 59
02.07.2013 02:50:17.494 - Comment with id :38 was voted with delta 1 successfully
02.07.2013 02:50:20.570 - Comment with id :38 was voted with delta -1 successfully
02.07.2013 02:50:22.393 - Comment with id :38 was voted with delta 1 successfully
02.07.2013 02:55:52.188 - Returning cache data...
02.07.2013 02:55:53.642 - Returning comments for: 59
02.07.2013 02:55:56.942 - Comment with id :38 was voted with delta 1 successfully
02.07.2013 02:56:20.279 - Returning comments for: 60
02.07.2013 02:56:21.326 - Returning comments for: 59
02.07.2013 02:56:58.079 - Returning comments for: 64
02.07.2013 02:57:00.160 - Comment with id :49 was voted with delta 1 successfully
02.07.2013 03:05:35.505 - Returning cache data...
02.07.2013 03:05:41.052 - Returning comments for: 59
02.07.2013 03:05:44.102 - Returning comments for: 61
02.07.2013 03:05:49.711 - Comment with id :45 was voted with delta 1 successfully
02.07.2013 03:06:42.510 - Comment with id :46 was voted with delta 1 successfully
02.07.2013 03:07:09.448 - Returning cache data...
02.07.2013 03:07:11.207 - Returning comments for: 47
02.07.2013 03:07:30.620 - Comment with id :43 was voted with delta 1 successfully
02.07.2013 03:07:59.688 - Returning cache data...
02.07.2013 03:08:02.543 - Returning comments for: 47
02.07.2013 03:08:05.835 - Returning cache data...
02.07.2013 03:08:07.087 - Returning comments for: 47
02.07.2013 03:08:16.831 - Comment with id :48 was voted with delta 1 successfully
02.07.2013 03:09:27.428 - Returning cache data...
02.07.2013 03:09:29.430 - Returning comments for: 60
02.07.2013 03:09:31.956 - Returning comments for: 61
02.07.2013 03:09:46.955 - Returning comments for: 44
02.07.2013 03:09:48.506 - Returning comments for: 45
02.07.2013 03:09:52.395 - Comment with id :40 was voted with delta 1 successfully
02.07.2013 21:06:09.403 - Site Manager initialized, retrieve entities from DB
02.07.2013 21:06:10.888 - Refreshing Json string cache...
02.07.2013 21:06:10.902 - Entities initialized
02.07.2013 21:06:10.902 - Returning cache data...
02.07.2013 21:06:13.127 - Returning comments for: 47
02.07.2013 21:06:22.661 - Returning comments for: 46
02.07.2013 21:06:24.436 - Returning comments for: 45
02.07.2013 21:06:26.180 - Returning comments for: 64
02.07.2013 21:06:28.373 - Returning comments for: 61
02.07.2013 21:06:30.099 - Returning comments for: 60
02.07.2013 21:06:44.378 - Comment was added for outletID- 60 from user: ololo with text :
4234234
02.07.2013 21:06:53.502 - Site Manager initialized, retrieve entities from DB
02.07.2013 21:06:53.944 - Refreshing Json string cache...
02.07.2013 21:06:53.959 - Entities initialized
02.07.2013 21:06:53.960 - Failed:Could not find commentId:0
02.07.2013 21:07:00.304 - Returning comments for: 61
02.07.2013 21:07:01.328 - Returning comments for: 60
02.07.2013 21:07:04.008 - Comment with id :51 was voted with delta 1 successfully
02.07.2013 21:07:07.557 - Returning comments for: 59
02.07.2013 21:07:10.142 - Comment with id :38 was voted with delta 1 successfully
02.07.2013 21:13:18.810 - Site Manager initialized, retrieve entities from DB
02.07.2013 21:13:19.077 - Refreshing Json string cache...
02.07.2013 21:13:19.095 - Entities initialized
02.07.2013 21:13:19.095 - Returning cache data...
02.07.2013 21:13:24.028 - Returning comments for: 59
02.07.2013 21:17:08.184 - Returning cache data...
02.07.2013 21:17:09.773 - Returning comments for: 47
02.07.2013 21:18:23.525 - Returning cache data...
02.07.2013 21:18:25.460 - Returning comments for: 47
02.07.2013 21:59:34.389 - Returning cache data...
02.07.2013 22:01:00.694 - Returning cache data...
02.07.2013 22:01:03.678 - Returning comments for: 47
02.07.2013 22:01:11.581 - Returning comments for: 60
02.07.2013 22:01:13.455 - Returning comments for: 64
02.07.2013 22:01:15.117 - Returning comments for: 61
02.07.2013 22:01:16.999 - Returning comments for: 60
02.07.2013 22:01:18.508 - Returning comments for: 59
02.07.2013 22:01:20.011 - Returning comments for: 44
02.07.2013 22:01:21.676 - Returning comments for: 43
02.07.2013 22:01:24.420 - Returning comments for: 37
02.07.2013 22:01:26.220 - Returning comments for: 34
02.07.2013 22:01:26.893 - Returning comments for: 32
02.07.2013 22:02:09.885 - Returning comments for: 33
02.07.2013 22:02:11.606 - Returning comments for: 32
02.07.2013 22:02:43.333 - Returning cache data...
02.07.2013 22:02:45.715 - Returning cache data...
02.07.2013 22:02:48.176 - Returning comments for: 32
02.07.2013 22:03:59.480 - Returning cache data...
02.07.2013 22:04:02.615 - Returning comments for: 32
02.07.2013 22:05:13.969 - Returning cache data...
02.07.2013 22:05:16.607 - Returning comments for: 32
02.07.2013 22:10:51.996 - Returning cache data...
02.07.2013 22:10:53.288 - Returning comments for: 47
02.07.2013 22:11:46.449 - Returning cache data...
02.07.2013 22:11:47.886 - Returning comments for: 47
02.07.2013 22:11:52.477 - Returning comments for: 32
02.07.2013 22:12:43.365 - Returning cache data...
02.07.2013 22:12:44.615 - Returning comments for: 59
02.07.2013 22:13:37.718 - Returning comments for: 32
02.07.2013 22:13:42.630 - Returning comments for: 37
02.07.2013 22:13:44.087 - Returning comments for: 34
02.07.2013 22:13:45.317 - Returning comments for: 33
02.07.2013 22:13:50.054 - Returning comments for: 32
02.07.2013 22:14:51.320 - Returning cache data...
02.07.2013 22:14:52.926 - Returning comments for: 34
02.07.2013 22:14:56.134 - Returning comments for: 47
02.07.2013 22:14:58.227 - Returning comments for: 51
02.07.2013 22:15:00.107 - Returning comments for: 50
02.07.2013 22:15:01.378 - Returning comments for: 48
02.07.2013 22:15:02.731 - Returning comments for: 49
02.07.2013 22:15:04.990 - Returning comments for: 32
02.07.2013 22:16:05.989 - Returning cache data...
02.07.2013 22:16:07.487 - Returning comments for: 60
02.07.2013 22:16:31.951 - Returning cache data...
02.07.2013 22:16:34.685 - Returning comments for: 59
02.07.2013 22:16:39.822 - Returning comments for: 34
02.07.2013 22:16:43.861 - Returning comments for: 32
02.07.2013 22:17:12.849 - Returning cache data...
02.07.2013 22:17:14.349 - Returning comments for: 47
02.07.2013 22:17:19.013 - Returning comments for: 59
02.07.2013 22:17:20.573 - Returning comments for: 60
02.07.2013 22:17:21.981 - Returning comments for: 61
02.07.2013 22:17:44.118 - Returning cache data...
02.07.2013 22:17:46.119 - Returning comments for: 47
02.07.2013 22:19:26.320 - Returning cache data...
02.07.2013 22:19:30.173 - Returning comments for: 32
02.07.2013 22:20:24.689 - Returning cache data...
02.07.2013 22:20:26.110 - Returning comments for: 32
02.07.2013 22:20:31.084 - Returning comments for: 34
02.07.2013 22:20:36.230 - Returning comments for: 43
02.07.2013 22:20:37.972 - Returning comments for: 60
02.07.2013 22:20:39.723 - Returning comments for: 61
02.07.2013 22:20:41.396 - Returning comments for: 64
02.07.2013 22:20:43.859 - Returning comments for: 61
02.07.2013 22:21:59.446 - Site Manager initialized, retrieve entities from DB
02.07.2013 22:21:59.897 - Refreshing Json string cache...
02.07.2013 22:21:59.911 - Entities initialized
02.07.2013 22:21:59.911 - Returning cache data...
02.07.2013 22:22:03.352 - Returning comments for: 61
02.07.2013 22:22:09.400 - Comment with id :46 was voted with delta -1 successfully
02.07.2013 22:22:14.197 - Returning comments for: 60
02.07.2013 22:22:15.211 - Returning comments for: 61
02.07.2013 22:22:43.755 - Returning cache data...
02.07.2013 22:22:45.039 - Returning comments for: 61
02.07.2013 22:26:48.036 - Site Manager initialized, retrieve entities from DB
02.07.2013 22:26:48.351 - Refreshing Json string cache...
02.07.2013 22:26:48.367 - Entities initialized
02.07.2013 22:26:48.367 - Returning cache data...
02.07.2013 22:26:54.373 - Returning cache data...
02.07.2013 22:27:02.806 - Returning comments for: 61
02.07.2013 22:27:10.917 - Comment with id :46 was voted with delta -1 successfully
02.07.2013 22:30:47.649 - Site Manager initialized, retrieve entities from DB
02.07.2013 22:30:47.936 - Refreshing Json string cache...
02.07.2013 22:30:47.952 - Entities initialized
02.07.2013 22:30:47.952 - Returning cache data...
02.07.2013 22:30:50.101 - Returning comments for: 64
02.07.2013 22:30:52.052 - Returning comments for: 61
02.07.2013 22:32:12.573 - Returning cache data...
02.07.2013 22:32:15.043 - Returning comments for: 61
02.07.2013 22:32:59.287 - Returning cache data...
02.07.2013 22:33:02.373 - Returning comments for: 61
02.07.2013 22:41:15.498 - Returning comments for: 64
02.07.2013 22:41:18.180 - Returning cache data...
02.07.2013 22:41:23.570 - Returning comments for: 61
02.07.2013 22:41:42.381 - Returning cache data...
02.07.2013 22:41:44.275 - Returning comments for: 61
02.07.2013 22:50:07.704 - Returning cache data...
02.07.2013 22:50:09.850 - Returning comments for: 61
02.07.2013 22:50:54.330 - Returning comments for: 64
02.07.2013 22:50:55.352 - Returning comments for: 61
02.07.2013 22:52:02.186 - Returning cache data...
02.07.2013 22:52:03.604 - Returning comments for: 61
02.07.2013 22:52:32.304 - Returning comments for: 60
02.07.2013 22:52:34.193 - Returning comments for: 61
02.07.2013 22:56:26.553 - Returning cache data...
02.07.2013 22:56:27.907 - Returning comments for: 61
02.07.2013 22:56:45.969 - Returning comments for: 60
02.07.2013 22:56:47.384 - Returning comments for: 61
02.07.2013 22:57:03.289 - Comment with id :46 was voted with delta -1 successfully
02.07.2013 22:57:07.864 - Returning comments for: 60
02.07.2013 22:57:09.264 - Returning comments for: 61
02.07.2013 22:57:27.571 - Returning cache data...
02.07.2013 22:57:30.666 - Returning comments for: 61
02.07.2013 23:02:08.852 - Refreshing Json string cache...
02.07.2013 23:02:08.853 - Success: Outlet was added
02.07.2013 23:02:09.014 - Returning cache data...
02.07.2013 23:02:12.087 - Returning comments for: 65
02.07.2013 23:02:33.380 - Refreshing Json string cache...
02.07.2013 23:02:33.381 - Success: Price List successfully updated
02.07.2013 23:02:33.538 - Returning cache data...
02.07.2013 23:02:36.122 - Returning comments for: 65
02.07.2013 23:02:46.322 - Comment was added for outletID- 65 from user: ololo with text :
ololol!
02.07.2013 23:02:50.879 - Could not save comment to DB
02.07.2013 23:02:57.188 - Returning comments for: 61
02.07.2013 23:03:48.115 - Returning cache data...
02.07.2013 23:03:49.642 - Returning comments for: 47
02.07.2013 23:04:08.783 - Comment with id :50 was voted with delta -1 successfully
02.07.2013 23:04:16.750 - Returning comments for: 46
02.07.2013 23:04:17.577 - Returning comments for: 47
02.07.2013 23:04:40.928 - Returning comments for: 46
02.07.2013 23:04:45.901 - Returning comments for: 45
02.07.2013 23:05:10.520 - Returning comments for: 32
02.07.2013 23:05:15.762 - Returning comments for: 33
02.07.2013 23:05:20.439 - Comment with id :42 was voted with delta -1 successfully
02.07.2013 23:12:36.503 - Returning cache data...
02.07.2013 23:12:40.440 - Returning comments for: 60
02.07.2013 23:12:44.247 - Returning comments for: 61
02.07.2013 23:13:32.063 - Returning cache data...
02.07.2013 23:13:33.905 - Returning comments for: 61
02.07.2013 23:13:50.381 - Comment with id :45 was voted with delta 1 successfully
02.07.2013 23:13:59.002 - Returning cache data...
02.07.2013 23:14:06.974 - Returning cache data...
02.07.2013 23:14:10.406 - Returning comments for: 61
02.07.2013 23:14:14.929 - Comment with id :45 was voted with delta 1 successfully
02.07.2013 23:14:18.607 - Returning comments for: 64
02.07.2013 23:14:19.867 - Returning comments for: 61
02.07.2013 23:14:31.468 - Comment with id :46 was voted with delta 1 successfully
02.07.2013 23:14:33.466 - Returning comments for: 60
02.07.2013 23:14:34.552 - Returning comments for: 64
02.07.2013 23:14:37.555 - Returning comments for: 61
02.07.2013 23:21:07.007 - Returning cache data...
02.07.2013 23:21:12.942 - Returning comments for: 60
02.07.2013 23:21:17.745 - Returning comments for: 61
02.07.2013 23:21:20.853 - Returning comments for: 32
02.07.2013 23:23:19.305 - Returning cache data...
02.07.2013 23:23:21.055 - Returning comments for: 32
02.07.2013 23:23:29.445 - Outlet with Id - 32 was voted with rating :5 resulting in new rating: 3
02.07.2013 23:23:29.446 - Refreshing Json string cache...
02.07.2013 23:33:59.281 - Returning cache data...
02.07.2013 23:34:12.546 - Returning cache data...
02.07.2013 23:34:13.432 - Returning cache data...
02.07.2013 23:34:14.327 - Returning comments for: 37
02.07.2013 23:36:43.649 - Returning cache data...
02.07.2013 23:37:49.345 - Returning cache data...
02.07.2013 23:37:50.820 - Returning comments for: 59
02.07.2013 23:37:54.113 - Returning comments for: 65
02.07.2013 23:37:56.083 - Returning comments for: 61
02.07.2013 23:38:07.180 - Returning comments for: 64
02.07.2013 23:38:09.154 - Comment with id :49 was voted with delta 1 successfully
02.07.2013 23:38:29.202 - Comment was added for outletID- 64 from user: ololo with text :
english comment
02.07.2013 23:38:31.338 - Could not save comment to DB
02.07.2013 23:39:08.936 - Returning cache data...
02.07.2013 23:39:11.349 - Returning comments for: 59
02.07.2013 23:39:19.894 - Comment was added for outletID- 59 from user: ololo with text :
test1
02.07.2013 23:39:27.645 - Returning comments for: 65
02.07.2013 23:39:28.691 - Returning comments for: 59
02.07.2013 23:39:45.916 - Returning comments for: 64
02.07.2013 23:39:58.263 - Returning cache data...
02.07.2013 23:40:00.076 - Returning comments for: 64
02.07.2013 23:42:01.187 - Returning cache data...
02.07.2013 23:42:03.894 - Returning comments for: 59
02.07.2013 23:42:15.357 - Comment was added for outletID- 59 from user: ololo with text :
another test
02.07.2013 23:45:39.931 - Returning cache data...
02.07.2013 23:45:41.461 - Returning comments for: 59
02.07.2013 23:46:52.751 - Returning cache data...
02.07.2013 23:46:56.301 - Returning cache data...
02.07.2013 23:46:57.549 - Returning comments for: 47
02.07.2013 23:46:59.709 - Returning comments for: 51
02.07.2013 23:47:06.194 - Comment was added for outletID- 51 from user: ololo with text :
3213123123
02.07.2013 23:47:17.082 - Returning comments for: 50
02.07.2013 23:47:18.066 - Returning comments for: 51
02.07.2013 23:47:43.792 - Returning cache data...
02.07.2013 23:47:48.060 - Returning comments for: 51
02.07.2013 23:48:23.243 - Site Manager initialized, retrieve entities from DB
02.07.2013 23:48:23.626 - Refreshing Json string cache...
02.07.2013 23:48:23.646 - Entities initialized
02.07.2013 23:48:23.714 - Comment was added for outletID- 51 from user: ololo with text :
jghjghjghj
02.07.2013 23:48:27.081 - Could not save comment to DB
02.07.2013 23:48:49.743 - Site Manager initialized, retrieve entities from DB
02.07.2013 23:48:50.161 - Refreshing Json string cache...
02.07.2013 23:48:50.174 - Entities initialized
02.07.2013 23:48:50.174 - Returning cache data...
02.07.2013 23:48:54.229 - Returning comments for: 50
02.07.2013 23:49:01.270 - Comment was added for outletID- 50 from user: ololo with text :
sdfasdfasdfsdf
02.07.2013 23:50:15.022 - Site Manager initialized, retrieve entities from DB
02.07.2013 23:50:15.304 - Refreshing Json string cache...
02.07.2013 23:50:15.320 - Entities initialized
02.07.2013 23:50:15.320 - Failed:Could not find commentId:0
02.07.2013 23:55:32.468 - Comment was added for outletID- 50 from user: ololo with text :
4234234234
02.07.2013 23:57:13.201 - Returning cache data...
02.07.2013 23:59:09.547 - Site Manager initialized, retrieve entities from DB
02.07.2013 23:59:11.296 - Refreshing Json string cache...
02.07.2013 23:59:11.312 - Entities initialized
02.07.2013 23:59:11.312 - Returning cache data...
02.07.2013 23:59:16.230 - Returning comments for: 61
03.07.2013 00:00:03.381 - Site Manager initialized, retrieve entities from DB
03.07.2013 00:00:03.659 - Refreshing Json string cache...
03.07.2013 00:00:03.676 - Entities initialized
03.07.2013 00:00:03.740 - Comment was added for outletID- 61 from user: dsfolol with text :
sdfasdfsdf
03.07.2013 00:04:32.486 - Site Manager initialized, retrieve entities from DB
03.07.2013 00:04:33.901 - Refreshing Json string cache...
03.07.2013 00:04:33.915 - Entities initialized
03.07.2013 00:04:33.915 - Returning cache data...
03.07.2013 00:04:36.204 - Returning comments for: 51
03.07.2013 00:05:08.666 - Comment was added for outletID- 51 from user: test2 with text :
test444
03.07.2013 00:05:17.260 - Comment with id :62 was voted with delta 1 successfully
03.07.2013 00:05:36.511 - Site Manager initialized, retrieve entities from DB
03.07.2013 00:05:36.802 - Refreshing Json string cache...
03.07.2013 00:05:36.819 - Entities initialized
03.07.2013 00:05:36.819 - Returning cache data...
03.07.2013 00:05:51.456 - Returning comments for: 54
03.07.2013 00:05:59.178 - Comment was added for outletID- 54 from user: ololoev with text :
fsdkfsdnfjkn
03.07.2013 00:06:01.014 - Comment with id :63 was voted with delta -1 successfully
03.07.2013 00:23:57.424 - Site Manager initialized, retrieve entities from DB
03.07.2013 00:23:58.890 - Refreshing Json string cache...
03.07.2013 00:23:58.903 - Entities initialized
03.07.2013 00:23:58.903 - Returning cache data...
03.07.2013 00:35:01.750 - Site Manager initialized, retrieve entities from DB
03.07.2013 00:35:03.432 - Refreshing Json string cache...
03.07.2013 00:35:03.450 - Entities initialized
03.07.2013 00:35:03.450 - Returning cache data...
03.07.2013 00:35:05.024 - Returning comments for: 32
03.07.2013 00:35:09.673 - Comment with id :39 was voted with delta 1 successfully
05.07.2013 22:35:13.121 - Site Manager initialized, retrieve entities from DB
05.07.2013 22:35:13.996 - Refreshing Json string cache...
05.07.2013 22:35:14.025 - Entities initialized
05.07.2013 22:35:14.026 - Returning cache data...
05.07.2013 22:35:18.632 - Returning comments for: 32
05.07.2013 22:38:53.054 - Returning cache data...
05.07.2013 22:39:00.010 - Returning comments for: 32
05.07.2013 22:39:17.727 - Returning cache data...
05.07.2013 22:39:20.721 - Returning comments for: 32
05.07.2013 22:41:23.061 - Returning cache data...
05.07.2013 22:41:24.324 - Returning comments for: 32
05.07.2013 22:45:12.268 - Site Manager initialized, retrieve entities from DB
05.07.2013 22:45:12.554 - Refreshing Json string cache...
05.07.2013 22:45:12.571 - Entities initialized
05.07.2013 22:45:12.571 - Returning cache data...
05.07.2013 22:45:14.337 - Returning comments for: 47
05.07.2013 22:45:22.998 - Returning comments for: 33
05.07.2013 22:45:25.703 - Returning comments for: 37
05.07.2013 22:45:39.790 - Returning comments for: 61
05.07.2013 22:45:46.606 - Returning comments for: 64
05.07.2013 22:49:22.577 - Returning cache data...
05.07.2013 22:49:31.705 - Returning comments for: 37
